<?xml version="1.0" encoding="UTF-8" standalone="yes" ?>
<test-results name="C:\Projetos\ProvaEmerson\Exercicio_1_Calculadora\TesteCalculadora\Win32\Debug\TesteCalculadora.exe" total="3" errors="0" failures="0" ignored="0" inconclusive="0" not-run="0" skipped="0" invalid="0" date="2022-03-16" time="0.011">
  <culture-info current-culture="en" current-uiculture="en" />
  <test-suite type="Assembly" name="TesteCalculadora.exe" executed="true" result="Success" success="True" time="0.011" asserts="0">
    <results>
        <test-suite type="Namespace" name="unCalculadoraTest" executed="true" result="Success" success="True" time="0.008" asserts="0" >
          <results>
              <test-suite type="Fixture" name="TCalculadora" executed="True" result="Success" success="True" time="0.008" >
                <results>
                  <test-case name="Test1" executed="True" result="Success" success="True" time="0.000" asserts="0" />
                  <test-case name="Test2.TestA" executed="True" result="Success" success="True" time="0.000" asserts="0" />
                  <test-case name="Test2.TestB" executed="True" result="Success" success="True" time="0.000" asserts="0" />
                </results>
              </test-suite>
          </results>
        </test-suite>
    </results>
  </test-suite>
</test-results>
